[debug] [2023-10-26T05:33:49.335Z] ----------------------------------------------------------------------
[debug] [2023-10-26T05:33:49.339Z] Command:       C:\Program Files\nodejs\node.exe C:\Users\induw\AppData\Roaming\npm\node_modules\firebase-tools\lib\bin\firebase.js init
[debug] [2023-10-26T05:33:49.340Z] CLI Version:   12.7.0
[debug] [2023-10-26T05:33:49.341Z] Platform:      win32
[debug] [2023-10-26T05:33:49.341Z] Node Version:  v18.16.0
[debug] [2023-10-26T05:33:49.342Z] Time:          Thu Oct 26 2023 11:03:49 GMT+0530 (India Standard Time)
[debug] [2023-10-26T05:33:49.342Z] ----------------------------------------------------------------------
[debug] 
[debug] [2023-10-26T05:33:49.355Z] > command requires scopes: ["email","openid","https://www.googleapis.com/auth/cloudplatformprojects.readonly","https://www.googleapis.com/auth/firebase","https://www.googleapis.com/auth/cloud-platform"]
[debug] [2023-10-26T05:33:49.355Z] > authorizing via signed-in user (bashadithennakoon@gmail.com)
[info] 
     ######## #### ########  ######## ########     ###     ######  ########
     ##        ##  ##     ## ##       ##     ##  ##   ##  ##       ##
     ######    ##  ########  ######   ########  #########  ######  ######
     ##        ##  ##    ##  ##       ##     ## ##     ##       ## ##
     ##       #### ##     ## ######## ########  ##     ##  ######  ########

You're about to initialize a Firebase project in this directory:

  C:\Users\induw\OneDrive\Desktop\vpr

[info] 
=== Project Setup
[info] 
[info] First, let's associate this project directory with a Firebase project.
[info] You can create multiple project aliases by running firebase use --add, 
[info] but for now we'll just set up a default project.
[info] 
[debug] [2023-10-26T05:37:37.335Z] >>> [apiv2][query] GET https://firebase.googleapis.com/v1beta1/projects pageSize=100
[debug] [2023-10-26T05:37:38.317Z] <<< [apiv2][status] GET https://firebase.googleapis.com/v1beta1/projects 200
[debug] [2023-10-26T05:37:38.318Z] <<< [apiv2][body] GET https://firebase.googleapis.com/v1beta1/projects [omitted]
[info] i  Using project vprimagesearch (vprimagesearch) 
[info] 
=== Functions Setup
[debug] [2023-10-26T05:37:43.420Z] > command requires scopes: ["email","openid","https://www.googleapis.com/auth/cloudplatformprojects.readonly","https://www.googleapis.com/auth/firebase","https://www.googleapis.com/auth/cloud-platform"]
[debug] [2023-10-26T05:37:43.421Z] > authorizing via signed-in user (bashadithennakoon@gmail.com)
[debug] [2023-10-26T05:37:43.421Z] [iam] checking project vprimagesearch for permissions ["firebase.projects.get"]
[debug] [2023-10-26T05:37:43.422Z] >>> [apiv2][query] POST https://cloudresourcemanager.googleapis.com/v1/projects/vprimagesearch:testIamPermissions [none]
[debug] [2023-10-26T05:37:43.422Z] >>> [apiv2][(partial)header] POST https://cloudresourcemanager.googleapis.com/v1/projects/vprimagesearch:testIamPermissions x-goog-quota-user=projects/vprimagesearch
[debug] [2023-10-26T05:37:43.422Z] >>> [apiv2][body] POST https://cloudresourcemanager.googleapis.com/v1/projects/vprimagesearch:testIamPermissions {"permissions":["firebase.projects.get"]}
[debug] [2023-10-26T05:37:45.236Z] <<< [apiv2][status] POST https://cloudresourcemanager.googleapis.com/v1/projects/vprimagesearch:testIamPermissions 200
[debug] [2023-10-26T05:37:45.236Z] <<< [apiv2][body] POST https://cloudresourcemanager.googleapis.com/v1/projects/vprimagesearch:testIamPermissions {"permissions":["firebase.projects.get"]}
[debug] [2023-10-26T05:37:45.237Z] >>> [apiv2][query] GET https://serviceusage.googleapis.com/v1/projects/vprimagesearch/services/cloudfunctions.googleapis.com [none]
[debug] [2023-10-26T05:37:45.238Z] >>> [apiv2][(partial)header] GET https://serviceusage.googleapis.com/v1/projects/vprimagesearch/services/cloudfunctions.googleapis.com x-goog-quota-user=projects/vprimagesearch
[debug] [2023-10-26T05:37:45.244Z] >>> [apiv2][query] GET https://serviceusage.googleapis.com/v1/projects/vprimagesearch/services/runtimeconfig.googleapis.com [none]
[debug] [2023-10-26T05:37:45.244Z] >>> [apiv2][(partial)header] GET https://serviceusage.googleapis.com/v1/projects/vprimagesearch/services/runtimeconfig.googleapis.com x-goog-quota-user=projects/vprimagesearch
[debug] [2023-10-26T05:37:48.722Z] <<< [apiv2][status] GET https://serviceusage.googleapis.com/v1/projects/vprimagesearch/services/runtimeconfig.googleapis.com 200
[debug] [2023-10-26T05:37:48.723Z] <<< [apiv2][body] GET https://serviceusage.googleapis.com/v1/projects/vprimagesearch/services/runtimeconfig.googleapis.com [omitted]
[debug] [2023-10-26T05:37:48.731Z] <<< [apiv2][status] GET https://serviceusage.googleapis.com/v1/projects/vprimagesearch/services/cloudfunctions.googleapis.com 200
[debug] [2023-10-26T05:37:48.732Z] <<< [apiv2][body] GET https://serviceusage.googleapis.com/v1/projects/vprimagesearch/services/cloudfunctions.googleapis.com [omitted]
[debug] [2023-10-26T05:37:48.733Z] >>> [apiv2][query] POST https://serviceusage.googleapis.com/v1/projects/vprimagesearch/services/cloudfunctions.googleapis.com:enable [none]
[debug] [2023-10-26T05:37:48.733Z] >>> [apiv2][(partial)header] POST https://serviceusage.googleapis.com/v1/projects/vprimagesearch/services/cloudfunctions.googleapis.com:enable x-goog-quota-user=projects/vprimagesearch
[debug] [2023-10-26T05:37:52.015Z] <<< [apiv2][status] POST https://serviceusage.googleapis.com/v1/projects/vprimagesearch/services/cloudfunctions.googleapis.com:enable 200
[debug] [2023-10-26T05:37:52.015Z] <<< [apiv2][body] POST https://serviceusage.googleapis.com/v1/projects/vprimagesearch/services/cloudfunctions.googleapis.com:enable [omitted]
[debug] [2023-10-26T05:38:02.017Z] >>> [apiv2][query] GET https://serviceusage.googleapis.com/v1/projects/vprimagesearch/services/cloudfunctions.googleapis.com [none]
[debug] [2023-10-26T05:38:02.017Z] >>> [apiv2][(partial)header] GET https://serviceusage.googleapis.com/v1/projects/vprimagesearch/services/cloudfunctions.googleapis.com x-goog-quota-user=projects/vprimagesearch
[debug] [2023-10-26T05:38:03.977Z] <<< [apiv2][status] GET https://serviceusage.googleapis.com/v1/projects/vprimagesearch/services/cloudfunctions.googleapis.com 200
[debug] [2023-10-26T05:38:03.978Z] <<< [apiv2][body] GET https://serviceusage.googleapis.com/v1/projects/vprimagesearch/services/cloudfunctions.googleapis.com [omitted]
[info] Let's create a new codebase for your functions.
[info] A directory corresponding to the codebase will be created in your project
[info] with sample code pre-configured.

[info] See https://firebase.google.com/docs/functions/organize-functions for
[info] more information on organizing your functions using codebases.

[info] Functions can be deployed with firebase deploy.

[info] +  Wrote functions/package.json 
[info] +  Wrote functions/.eslintrc.js 
[info] +  Wrote functions/index.js 
[info] +  Wrote functions/.gitignore 
[info] 
=== Hosting Setup
[info] 
[info] Your public directory is the folder (relative to your project directory) that
[info] will contain Hosting assets to be uploaded with firebase deploy. If you
[info] have a build process for your assets, use your build's output directory.
[info] 
[debug] [2023-10-26T05:42:27.464Z] >>> [apiv2][query] GET https://www.gstatic.com/firebasejs/releases.json [none]
[debug] [2023-10-26T05:42:27.839Z] <<< [apiv2][status] GET https://www.gstatic.com/firebasejs/releases.json 200
[debug] [2023-10-26T05:42:27.840Z] <<< [apiv2][body] GET https://www.gstatic.com/firebasejs/releases.json {"current":{"version":"10.5.0","browserURL":"https://www.gstatic.com/firebasejs/10.5.0/firebase.js","packageURL":"https://www.gstatic.com/firebasejs/10.5.0/firebase.tgz"},"live":{"version":"10.5","browserURL":"https://www.gstatic.com/firebasejs/live/10.5/firebase.js","packageURL":"https://www.gstatic.com/firebasejs/live/10.5/firebase.tgz"},"components":{"analytics":"https://www.gstatic.com/firebasejs/10.5.0/firebase-analytics.js","app":"https://www.gstatic.com/firebasejs/10.5.0/firebase-app.js","app-check":"https://www.gstatic.com/firebasejs/10.5.0/firebase-app-check.js","auth":"https://www.gstatic.com/firebasejs/10.5.0/firebase-auth.js","auth/cordova":"https://www.gstatic.com/firebasejs/10.5.0/firebase-auth/cordova.js","functions":"https://www.gstatic.com/firebasejs/10.5.0/firebase-functions.js","firestore":"https://www.gstatic.com/firebasejs/10.5.0/firebase-firestore.js","firestore/lite":"https://www.gstatic.com/firebasejs/10.5.0/firebase-firestore/lite.js","installations":"https://www.gstatic.com/firebasejs/10.5.0/firebase-installations.js","storage":"https://www.gstatic.com/firebasejs/10.5.0/firebase-storage.js","performance":"https://www.gstatic.com/firebasejs/10.5.0/firebase-performance.js","remote-config":"https://www.gstatic.com/firebasejs/10.5.0/firebase-remote-config.js","messaging":"https://www.gstatic.com/firebasejs/10.5.0/firebase-messaging.js","messaging/sw":"https://www.gstatic.com/firebasejs/10.5.0/firebase-messaging/sw.js","database":"https://www.gstatic.com/firebasejs/10.5.0/firebase-database.js","firestore.memory":"https://www.gstatic.com/firebasejs/10.5.0/firebase-firestore.memory.js"}}
[info] i  Skipping write of public/index.html 
[info] 
[info] i  Detected a .git folder at C:\Users\induw\OneDrive\Desktop\vpr 
[info] i  Authorizing with GitHub to upload your service account to a GitHub repository's secrets store. 
[info] 
[info] Visit this URL on this device to log in:
[info] https://github.com/login/oauth/authorize?client_id=89cf50f02ac6aaed3484&state=389349793&redirect_uri=http%3A%2F%2Flocalhost%3A9005&scope=read%3Auser%20repo%20public_repo
[info] 
[info] Waiting for authentication...
[debug] [2023-10-26T05:43:10.814Z] >>> [apiv2][query] POST https://github.com/login/oauth/access_token [none]
[debug] [2023-10-26T05:43:10.815Z] >>> [apiv2][body] POST https://github.com/login/oauth/access_token [stream]
[debug] [2023-10-26T05:43:11.903Z] <<< [apiv2][status] POST https://github.com/login/oauth/access_token 200
[debug] [2023-10-26T05:43:11.903Z] <<< [apiv2][body] POST https://github.com/login/oauth/access_token {"access_token":"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","token_type":"bearer","scope":"read:user,repo"}
[debug] [2023-10-26T05:43:11.917Z] >>> [apiv2][query] GET https://api.github.com/user [none]
[debug] [2023-10-26T05:43:13.125Z] <<< [apiv2][status] GET https://api.github.com/user 200
[debug] [2023-10-26T05:43:13.125Z] <<< [apiv2][body] GET https://api.github.com/user {"login":"basadhi","id":110987699,"node_id":"U_kgDOBp2Jsw","avatar_url":"https://avatars.githubusercontent.com/u/110987699?v=4","gravatar_id":"","url":"https://api.github.com/users/basadhi","html_url":"https://github.com/basadhi","followers_url":"https://api.github.com/users/basadhi/followers","following_url":"https://api.github.com/users/basadhi/following{/other_user}","gists_url":"https://api.github.com/users/basadhi/gists{/gist_id}","starred_url":"https://api.github.com/users/basadhi/starred{/owner}{/repo}","subscriptions_url":"https://api.github.com/users/basadhi/subscriptions","organizations_url":"https://api.github.com/users/basadhi/orgs","repos_url":"https://api.github.com/users/basadhi/repos","events_url":"https://api.github.com/users/basadhi/events{/privacy}","received_events_url":"https://api.github.com/users/basadhi/received_events","type":"User","site_admin":false,"name":null,"company":null,"blog":"","location":null,"email":null,"hireable":null,"bio":null,"twitter_username":null,"public_repos":8,"public_gists":0,"followers":4,"following":4,"created_at":"2022-08-10T13:37:06Z","updated_at":"2023-10-10T12:41:30Z","private_gists":1,"total_private_repos":13,"owned_private_repos":13,"disk_usage":34987,"collaborators":0,"two_factor_authentication":false,"plan":{"name":"pro","space":976562499,"collaborators":0,"private_repos":9999}}
[info] 
[info] +  Success! Logged into GitHub as basadhi 
[info] 
[debug] [2023-10-26T05:43:21.356Z] >>> [apiv2][query] GET https://api.github.com/repos//actions/secrets/public-key type=owner
[debug] [2023-10-26T05:43:22.007Z] >>> [apiv2][query] GET https://api.github.com/repos//actions/secrets/public-key type=owner
[debug] [2023-10-26T05:43:22.435Z] <<< [apiv2][status] GET https://api.github.com/repos//actions/secrets/public-key 404
[debug] [2023-10-26T05:43:22.436Z] <<< [apiv2][body] GET https://api.github.com/repos//actions/secrets/public-key {"message":"Not Found","documentation_url":"https://docs.github.com/rest"}
[info] 
[info] 
[error] !  The provided authorization cannot be used with this repository. If this repository is in an organization, did you remember to grant access? 
[info] 
[info] i  Action required: Visit this URL to ensure access has been granted to the appropriate organization(s) for the Firebase CLI GitHub OAuth App: 
[info] https://github.com/settings/connections/applications/89cf50f02ac6aaed3484
[info] 
[debug] [2023-10-26T05:43:23.050Z] <<< [apiv2][status] GET https://api.github.com/repos//actions/secrets/public-key 404
[debug] [2023-10-26T05:43:23.051Z] <<< [apiv2][body] GET https://api.github.com/repos//actions/secrets/public-key {"message":"Not Found","documentation_url":"https://docs.github.com/rest"}
[info] 
[info] 
[error] !  The provided authorization cannot be used with this repository. If this repository is in an organization, did you remember to grant access? 
[info] 
[info] i  Action required: Visit this URL to ensure access has been granted to the appropriate organization(s) for the Firebase CLI GitHub OAuth App: 
[info] https://github.com/settings/connections/applications/89cf50f02ac6aaed3484
[info] 
